[0.531s] Invoking command in '/workspace/src/octane_perception': PYTHONPATH=/workspace/src/build/octane_perception/prefix_override:/usr/lib/python3/dist-packages/colcon_core/task/python/colcon_distutils_commands:/workspace/src/install/octane_perception/lib/python3.10/site-packages:${PYTHONPATH} /usr/bin/python3 -W ignore:setup.py install is deprecated -W ignore:easy_install command is deprecated setup.py egg_info --egg-base ../build/octane_perception build --build-base /workspace/src/build/octane_perception/build install --record /workspace/src/build/octane_perception/install.log --single-version-externally-managed install_data
[0.671s] running egg_info
[0.671s] creating ../build/octane_perception/octane_perception.egg-info
[0.672s] writing ../build/octane_perception/octane_perception.egg-info/PKG-INFO
[0.673s] writing dependency_links to ../build/octane_perception/octane_perception.egg-info/dependency_links.txt
[0.675s] writing entry points to ../build/octane_perception/octane_perception.egg-info/entry_points.txt
[0.676s] writing requirements to ../build/octane_perception/octane_perception.egg-info/requires.txt
[0.677s] writing top-level names to ../build/octane_perception/octane_perception.egg-info/top_level.txt
[0.678s] writing manifest file '../build/octane_perception/octane_perception.egg-info/SOURCES.txt'
[0.680s] reading manifest file '../build/octane_perception/octane_perception.egg-info/SOURCES.txt'
[0.682s] writing manifest file '../build/octane_perception/octane_perception.egg-info/SOURCES.txt'
[0.683s] running build
[0.683s] running build_py
[0.684s] creating /workspace/src/build/octane_perception/build
[0.685s] creating /workspace/src/build/octane_perception/build/lib
[0.686s] creating /workspace/src/build/octane_perception/build/lib/octane_perception
[0.689s] copying octane_perception/__init__.py -> /workspace/src/build/octane_perception/build/lib/octane_perception
[0.690s] running install
[0.691s] running install_lib
[0.692s] creating /workspace/src/install/octane_perception/lib/python3.10/site-packages/octane_perception
[0.693s] copying /workspace/src/build/octane_perception/build/lib/octane_perception/__init__.py -> /workspace/src/install/octane_perception/lib/python3.10/site-packages/octane_perception
[0.696s] byte-compiling /workspace/src/install/octane_perception/lib/python3.10/site-packages/octane_perception/__init__.py to __init__.cpython-310.pyc
[0.697s] running install_data
[0.698s] creating /workspace/src/install/octane_perception/share/ament_index
[0.698s] creating /workspace/src/install/octane_perception/share/ament_index/resource_index
[0.699s] creating /workspace/src/install/octane_perception/share/ament_index/resource_index/packages
[0.699s] copying resource/octane_perception -> /workspace/src/install/octane_perception/share/ament_index/resource_index/packages
[0.700s] copying package.xml -> /workspace/src/install/octane_perception/share/octane_perception
[0.702s] running install_egg_info
[0.702s] Copying ../build/octane_perception/octane_perception.egg-info to /workspace/src/install/octane_perception/lib/python3.10/site-packages/octane_perception-0.0.0-py3.10.egg-info
[0.708s] running install_scripts
[0.724s] Installing astra_depth_node script to /workspace/src/install/octane_perception/lib/octane_perception
[0.725s] writing list of installed files to '/workspace/src/build/octane_perception/install.log'
