[0.085s] DEBUG:colcon:Command line arguments: ['/usr/bin/colcon', 'build', '--packages-select', 'orbbec_camera_msgs']
[0.085s] DEBUG:colcon:Parsed command line arguments: Namespace(log_base=None, log_level=None, verb_name='build', build_base='build', install_base='install', merge_install=False, symlink_install=False, test_result_base=None, continue_on_error=False, executor='parallel', parallel_workers=10, event_handlers=None, ignore_user_meta=False, metas=['./colcon.meta'], base_paths=['.'], packages_ignore=None, packages_ignore_regex=None, paths=None, packages_up_to=None, packages_up_to_regex=None, packages_above=None, packages_above_and_dependencies=None, packages_above_depth=None, packages_select_by_dep=None, packages_skip_by_dep=None, packages_skip_up_to=None, packages_select_build_failed=False, packages_skip_build_finished=False, packages_select_test_failures=False, packages_skip_test_passed=False, packages_select=['orbbec_camera_msgs'], packages_skip=None, packages_select_regex=None, packages_skip_regex=None, packages_start=None, packages_end=None, cmake_args=None, cmake_target=None, cmake_target_skip_unavailable=False, cmake_clean_cache=False, cmake_clean_first=False, cmake_force_configure=False, ament_cmake_args=None, catkin_cmake_args=None, catkin_skip_building_tests=False, mixin_files=None, mixin=None, verb_parser=<colcon_mixin.mixin.mixin_argument.MixinArgumentDecorator object at 0xffff80215d80>, verb_extension=<colcon_core.verb.build.BuildVerb object at 0xffff80215870>, main=<bound method BuildVerb.main of <colcon_core.verb.build.BuildVerb object at 0xffff80215870>>, mixin_verb=('build',))
[0.160s] Level 1:colcon.colcon_core.package_discovery:discover_packages(colcon_meta) check parameters
[0.161s] INFO:colcon.colcon_metadata.package_discovery.colcon_meta:Using configuration from '/root/.colcon/metadata/default/Gazebo.meta'
[0.162s] INFO:colcon.colcon_metadata.package_discovery.colcon_meta:Using configuration from '/root/.colcon/metadata/default/fastdds.meta'
[0.162s] INFO:colcon.colcon_metadata.package_discovery.colcon_meta:Using configuration from '/root/.colcon/metadata/default/fastrtps.meta'
[0.162s] Level 1:colcon.colcon_core.package_discovery:discover_packages(recursive) check parameters
[0.162s] Level 1:colcon.colcon_core.package_discovery:discover_packages(ignore) check parameters
[0.162s] Level 1:colcon.colcon_core.package_discovery:discover_packages(path) check parameters
[0.162s] Level 1:colcon.colcon_core.package_discovery:discover_packages(colcon_meta) discover
[0.163s] Level 1:colcon.colcon_core.package_discovery:discover_packages(recursive) discover
[0.163s] INFO:colcon.colcon_core.package_discovery:Crawling recursively for packages in '/workspace'
[0.163s] Level 1:colcon.colcon_core.package_identification:_identify(.) by extensions ['ignore', 'ignore_ament_install']
[0.163s] Level 1:colcon.colcon_core.package_identification:_identify(.) by extension 'ignore'
[0.163s] Level 1:colcon.colcon_core.package_identification:_identify(.) by extension 'ignore_ament_install'
[0.163s] Level 1:colcon.colcon_core.package_identification:_identify(.) by extensions ['colcon_pkg']
[0.164s] Level 1:colcon.colcon_core.package_identification:_identify(.) by extension 'colcon_pkg'
[0.164s] Level 1:colcon.colcon_core.package_identification:_identify(.) by extensions ['colcon_meta']
[0.164s] Level 1:colcon.colcon_core.package_identification:_identify(.) by extension 'colcon_meta'
[0.164s] Level 1:colcon.colcon_core.package_identification:_identify(.) by extensions ['ros']
[0.164s] Level 1:colcon.colcon_core.package_identification:_identify(.) by extension 'ros'
[0.173s] Level 1:colcon.colcon_core.package_identification:_identify(.) by extensions ['cmake', 'python']
[0.173s] Level 1:colcon.colcon_core.package_identification:_identify(.) by extension 'cmake'
[0.173s] Level 1:colcon.colcon_core.package_identification:_identify(.) by extension 'python'
[0.173s] Level 1:colcon.colcon_core.package_identification:_identify(.) by extensions ['python_setup_py']
[0.173s] Level 1:colcon.colcon_core.package_identification:_identify(.) by extension 'python_setup_py'
[0.174s] Level 1:colcon.colcon_core.package_identification:_identify(build) by extensions ['ignore', 'ignore_ament_install']
[0.174s] Level 1:colcon.colcon_core.package_identification:_identify(build) by extension 'ignore'
[0.174s] Level 1:colcon.colcon_core.package_identification:_identify(build) ignored
[0.175s] Level 1:colcon.colcon_core.package_identification:_identify(install) by extensions ['ignore', 'ignore_ament_install']
[0.175s] Level 1:colcon.colcon_core.package_identification:_identify(install) by extension 'ignore'
[0.175s] Level 1:colcon.colcon_core.package_identification:_identify(install) ignored
[0.175s] Level 1:colcon.colcon_core.package_identification:_identify(log) by extensions ['ignore', 'ignore_ament_install']
[0.176s] Level 1:colcon.colcon_core.package_identification:_identify(log) by extension 'ignore'
[0.176s] Level 1:colcon.colcon_core.package_identification:_identify(log) ignored
[0.176s] Level 1:colcon.colcon_core.package_identification:_identify(src) by extensions ['ignore', 'ignore_ament_install']
[0.176s] Level 1:colcon.colcon_core.package_identification:_identify(src) by extension 'ignore'
[0.176s] Level 1:colcon.colcon_core.package_identification:_identify(src) by extension 'ignore_ament_install'
[0.177s] Level 1:colcon.colcon_core.package_identification:_identify(src) by extensions ['colcon_pkg']
[0.177s] Level 1:colcon.colcon_core.package_identification:_identify(src) by extension 'colcon_pkg'
[0.177s] Level 1:colcon.colcon_core.package_identification:_identify(src) by extensions ['colcon_meta']
[0.177s] Level 1:colcon.colcon_core.package_identification:_identify(src) by extension 'colcon_meta'
[0.177s] Level 1:colcon.colcon_core.package_identification:_identify(src) by extensions ['ros']
[0.177s] Level 1:colcon.colcon_core.package_identification:_identify(src) by extension 'ros'
[0.177s] Level 1:colcon.colcon_core.package_identification:_identify(src) by extensions ['cmake', 'python']
[0.177s] Level 1:colcon.colcon_core.package_identification:_identify(src) by extension 'cmake'
[0.178s] Level 1:colcon.colcon_core.package_identification:_identify(src) by extension 'python'
[0.178s] Level 1:colcon.colcon_core.package_identification:_identify(src) by extensions ['python_setup_py']
[0.178s] Level 1:colcon.colcon_core.package_identification:_identify(src) by extension 'python_setup_py'
[0.178s] Level 1:colcon.colcon_core.package_identification:_identify(src/dependencies) by extensions ['ignore', 'ignore_ament_install']
[0.178s] Level 1:colcon.colcon_core.package_identification:_identify(src/dependencies) by extension 'ignore'
[0.178s] Level 1:colcon.colcon_core.package_identification:_identify(src/dependencies) by extension 'ignore_ament_install'
[0.179s] Level 1:colcon.colcon_core.package_identification:_identify(src/dependencies) by extensions ['colcon_pkg']
[0.179s] Level 1:colcon.colcon_core.package_identification:_identify(src/dependencies) by extension 'colcon_pkg'
[0.179s] Level 1:colcon.colcon_core.package_identification:_identify(src/dependencies) by extensions ['colcon_meta']
[0.179s] Level 1:colcon.colcon_core.package_identification:_identify(src/dependencies) by extension 'colcon_meta'
[0.179s] Level 1:colcon.colcon_core.package_identification:_identify(src/dependencies) by extensions ['ros']
[0.179s] Level 1:colcon.colcon_core.package_identification:_identify(src/dependencies) by extension 'ros'
[0.179s] Level 1:colcon.colcon_core.package_identification:_identify(src/dependencies) by extensions ['cmake', 'python']
[0.179s] Level 1:colcon.colcon_core.package_identification:_identify(src/dependencies) by extension 'cmake'
[0.180s] Level 1:colcon.colcon_core.package_identification:_identify(src/dependencies) by extension 'python'
[0.180s] Level 1:colcon.colcon_core.package_identification:_identify(src/dependencies) by extensions ['python_setup_py']
[0.180s] Level 1:colcon.colcon_core.package_identification:_identify(src/dependencies) by extension 'python_setup_py'
[0.180s] Level 1:colcon.colcon_core.package_identification:_identify(src/dependencies/OrbbecSDK_ROS2) by extensions ['ignore', 'ignore_ament_install']
[0.180s] Level 1:colcon.colcon_core.package_identification:_identify(src/dependencies/OrbbecSDK_ROS2) by extension 'ignore'
[0.181s] Level 1:colcon.colcon_core.package_identification:_identify(src/dependencies/OrbbecSDK_ROS2) by extension 'ignore_ament_install'
[0.181s] Level 1:colcon.colcon_core.package_identification:_identify(src/dependencies/OrbbecSDK_ROS2) by extensions ['colcon_pkg']
[0.181s] Level 1:colcon.colcon_core.package_identification:_identify(src/dependencies/OrbbecSDK_ROS2) by extension 'colcon_pkg'
[0.181s] Level 1:colcon.colcon_core.package_identification:_identify(src/dependencies/OrbbecSDK_ROS2) by extensions ['colcon_meta']
[0.181s] Level 1:colcon.colcon_core.package_identification:_identify(src/dependencies/OrbbecSDK_ROS2) by extension 'colcon_meta'
[0.181s] Level 1:colcon.colcon_core.package_identification:_identify(src/dependencies/OrbbecSDK_ROS2) by extensions ['ros']
[0.181s] Level 1:colcon.colcon_core.package_identification:_identify(src/dependencies/OrbbecSDK_ROS2) by extension 'ros'
[0.182s] Level 1:colcon.colcon_core.package_identification:_identify(src/dependencies/OrbbecSDK_ROS2) by extensions ['cmake', 'python']
[0.182s] Level 1:colcon.colcon_core.package_identification:_identify(src/dependencies/OrbbecSDK_ROS2) by extension 'cmake'
[0.182s] Level 1:colcon.colcon_core.package_identification:_identify(src/dependencies/OrbbecSDK_ROS2) by extension 'python'
[0.182s] Level 1:colcon.colcon_core.package_identification:_identify(src/dependencies/OrbbecSDK_ROS2) by extensions ['python_setup_py']
[0.182s] Level 1:colcon.colcon_core.package_identification:_identify(src/dependencies/OrbbecSDK_ROS2) by extension 'python_setup_py'
[0.182s] Level 1:colcon.colcon_core.package_identification:_identify(src/dependencies/OrbbecSDK_ROS2/orbbec_camera) by extensions ['ignore', 'ignore_ament_install']
[0.183s] Level 1:colcon.colcon_core.package_identification:_identify(src/dependencies/OrbbecSDK_ROS2/orbbec_camera) by extension 'ignore'
[0.183s] Level 1:colcon.colcon_core.package_identification:_identify(src/dependencies/OrbbecSDK_ROS2/orbbec_camera) by extension 'ignore_ament_install'
[0.183s] Level 1:colcon.colcon_core.package_identification:_identify(src/dependencies/OrbbecSDK_ROS2/orbbec_camera) by extensions ['colcon_pkg']
[0.183s] Level 1:colcon.colcon_core.package_identification:_identify(src/dependencies/OrbbecSDK_ROS2/orbbec_camera) by extension 'colcon_pkg'
[0.183s] Level 1:colcon.colcon_core.package_identification:_identify(src/dependencies/OrbbecSDK_ROS2/orbbec_camera) by extensions ['colcon_meta']
[0.183s] Level 1:colcon.colcon_core.package_identification:_identify(src/dependencies/OrbbecSDK_ROS2/orbbec_camera) by extension 'colcon_meta'
[0.183s] Level 1:colcon.colcon_core.package_identification:_identify(src/dependencies/OrbbecSDK_ROS2/orbbec_camera) by extensions ['ros']
[0.183s] Level 1:colcon.colcon_core.package_identification:_identify(src/dependencies/OrbbecSDK_ROS2/orbbec_camera) by extension 'ros'
[0.188s] DEBUG:colcon.colcon_core.package_identification:Package 'src/dependencies/OrbbecSDK_ROS2/orbbec_camera' with type 'ros.ament_cmake' and name 'orbbec_camera'
[0.188s] Level 1:colcon.colcon_core.package_identification:_identify(src/dependencies/OrbbecSDK_ROS2/orbbec_camera_msgs) by extensions ['ignore', 'ignore_ament_install']
[0.189s] Level 1:colcon.colcon_core.package_identification:_identify(src/dependencies/OrbbecSDK_ROS2/orbbec_camera_msgs) by extension 'ignore'
[0.189s] Level 1:colcon.colcon_core.package_identification:_identify(src/dependencies/OrbbecSDK_ROS2/orbbec_camera_msgs) by extension 'ignore_ament_install'
[0.189s] Level 1:colcon.colcon_core.package_identification:_identify(src/dependencies/OrbbecSDK_ROS2/orbbec_camera_msgs) by extensions ['colcon_pkg']
[0.189s] Level 1:colcon.colcon_core.package_identification:_identify(src/dependencies/OrbbecSDK_ROS2/orbbec_camera_msgs) by extension 'colcon_pkg'
[0.189s] Level 1:colcon.colcon_core.package_identification:_identify(src/dependencies/OrbbecSDK_ROS2/orbbec_camera_msgs) by extensions ['colcon_meta']
[0.189s] Level 1:colcon.colcon_core.package_identification:_identify(src/dependencies/OrbbecSDK_ROS2/orbbec_camera_msgs) by extension 'colcon_meta'
[0.189s] Level 1:colcon.colcon_core.package_identification:_identify(src/dependencies/OrbbecSDK_ROS2/orbbec_camera_msgs) by extensions ['ros']
[0.189s] Level 1:colcon.colcon_core.package_identification:_identify(src/dependencies/OrbbecSDK_ROS2/orbbec_camera_msgs) by extension 'ros'
[0.190s] DEBUG:colcon.colcon_core.package_identification:Package 'src/dependencies/OrbbecSDK_ROS2/orbbec_camera_msgs' with type 'ros.ament_cmake' and name 'orbbec_camera_msgs'
[0.191s] Level 1:colcon.colcon_core.package_identification:_identify(src/dependencies/OrbbecSDK_ROS2/orbbec_description) by extensions ['ignore', 'ignore_ament_install']
[0.191s] Level 1:colcon.colcon_core.package_identification:_identify(src/dependencies/OrbbecSDK_ROS2/orbbec_description) by extension 'ignore'
[0.191s] Level 1:colcon.colcon_core.package_identification:_identify(src/dependencies/OrbbecSDK_ROS2/orbbec_description) by extension 'ignore_ament_install'
[0.191s] Level 1:colcon.colcon_core.package_identification:_identify(src/dependencies/OrbbecSDK_ROS2/orbbec_description) by extensions ['colcon_pkg']
[0.191s] Level 1:colcon.colcon_core.package_identification:_identify(src/dependencies/OrbbecSDK_ROS2/orbbec_description) by extension 'colcon_pkg'
[0.191s] Level 1:colcon.colcon_core.package_identification:_identify(src/dependencies/OrbbecSDK_ROS2/orbbec_description) by extensions ['colcon_meta']
[0.191s] Level 1:colcon.colcon_core.package_identification:_identify(src/dependencies/OrbbecSDK_ROS2/orbbec_description) by extension 'colcon_meta'
[0.191s] Level 1:colcon.colcon_core.package_identification:_identify(src/dependencies/OrbbecSDK_ROS2/orbbec_description) by extensions ['ros']
[0.191s] Level 1:colcon.colcon_core.package_identification:_identify(src/dependencies/OrbbecSDK_ROS2/orbbec_description) by extension 'ros'
[0.192s] DEBUG:colcon.colcon_core.package_identification:Package 'src/dependencies/OrbbecSDK_ROS2/orbbec_description' with type 'ros.ament_cmake' and name 'orbbec_description'
[0.192s] Level 1:colcon.colcon_core.package_identification:_identify(src/octane) by extensions ['ignore', 'ignore_ament_install']
[0.192s] Level 1:colcon.colcon_core.package_identification:_identify(src/octane) by extension 'ignore'
[0.192s] Level 1:colcon.colcon_core.package_identification:_identify(src/octane) by extension 'ignore_ament_install'
[0.193s] Level 1:colcon.colcon_core.package_identification:_identify(src/octane) by extensions ['colcon_pkg']
[0.193s] Level 1:colcon.colcon_core.package_identification:_identify(src/octane) by extension 'colcon_pkg'
[0.193s] Level 1:colcon.colcon_core.package_identification:_identify(src/octane) by extensions ['colcon_meta']
[0.193s] Level 1:colcon.colcon_core.package_identification:_identify(src/octane) by extension 'colcon_meta'
[0.193s] Level 1:colcon.colcon_core.package_identification:_identify(src/octane) by extensions ['ros']
[0.193s] Level 1:colcon.colcon_core.package_identification:_identify(src/octane) by extension 'ros'
[0.194s] DEBUG:colcon.colcon_core.package_identification:Package 'src/octane' with type 'ros.ament_python' and name 'octane'
[0.194s] Level 1:colcon.colcon_core.package_identification:_identify(src/octane_perception) by extensions ['ignore', 'ignore_ament_install']
[0.194s] Level 1:colcon.colcon_core.package_identification:_identify(src/octane_perception) by extension 'ignore'
[0.194s] Level 1:colcon.colcon_core.package_identification:_identify(src/octane_perception) by extension 'ignore_ament_install'
[0.194s] Level 1:colcon.colcon_core.package_identification:_identify(src/octane_perception) by extensions ['colcon_pkg']
[0.194s] Level 1:colcon.colcon_core.package_identification:_identify(src/octane_perception) by extension 'colcon_pkg'
[0.194s] Level 1:colcon.colcon_core.package_identification:_identify(src/octane_perception) by extensions ['colcon_meta']
[0.195s] Level 1:colcon.colcon_core.package_identification:_identify(src/octane_perception) by extension 'colcon_meta'
[0.195s] Level 1:colcon.colcon_core.package_identification:_identify(src/octane_perception) by extensions ['ros']
[0.195s] Level 1:colcon.colcon_core.package_identification:_identify(src/octane_perception) by extension 'ros'
[0.196s] DEBUG:colcon.colcon_core.package_identification:Package 'src/octane_perception' with type 'ros.ament_python' and name 'octane_perception'
[0.196s] Level 1:colcon.colcon_core.package_discovery:discover_packages(recursive) using defaults
[0.196s] Level 1:colcon.colcon_core.package_discovery:discover_packages(ignore) discover
[0.196s] Level 1:colcon.colcon_core.package_discovery:discover_packages(ignore) using defaults
[0.196s] Level 1:colcon.colcon_core.package_discovery:discover_packages(path) discover
[0.196s] Level 1:colcon.colcon_core.package_discovery:discover_packages(path) using defaults
[0.213s] INFO:colcon.colcon_core.package_selection:Skipping not selected package 'octane' in 'src/octane'
[0.213s] INFO:colcon.colcon_core.package_selection:Skipping not selected package 'octane_perception' in 'src/octane_perception'
[0.213s] INFO:colcon.colcon_core.package_selection:Skipping not selected package 'orbbec_description' in 'src/dependencies/OrbbecSDK_ROS2/orbbec_description'
[0.213s] INFO:colcon.colcon_core.package_selection:Skipping not selected package 'orbbec_camera' in 'src/dependencies/OrbbecSDK_ROS2/orbbec_camera'
[0.214s] Level 5:colcon.colcon_core.verb:set package 'orbbec_camera_msgs' build argument 'cmake_args' from command line to 'None'
[0.214s] Level 5:colcon.colcon_core.verb:set package 'orbbec_camera_msgs' build argument 'cmake_target' from command line to 'None'
[0.214s] Level 5:colcon.colcon_core.verb:set package 'orbbec_camera_msgs' build argument 'cmake_target_skip_unavailable' from command line to 'False'
[0.214s] Level 5:colcon.colcon_core.verb:set package 'orbbec_camera_msgs' build argument 'cmake_clean_cache' from command line to 'False'
[0.214s] Level 5:colcon.colcon_core.verb:set package 'orbbec_camera_msgs' build argument 'cmake_clean_first' from command line to 'False'
[0.214s] Level 5:colcon.colcon_core.verb:set package 'orbbec_camera_msgs' build argument 'cmake_force_configure' from command line to 'False'
[0.214s] Level 5:colcon.colcon_core.verb:set package 'orbbec_camera_msgs' build argument 'ament_cmake_args' from command line to 'None'
[0.214s] Level 5:colcon.colcon_core.verb:set package 'orbbec_camera_msgs' build argument 'catkin_cmake_args' from command line to 'None'
[0.214s] Level 5:colcon.colcon_core.verb:set package 'orbbec_camera_msgs' build argument 'catkin_skip_building_tests' from command line to 'False'
[0.214s] DEBUG:colcon.colcon_core.verb:Building package 'orbbec_camera_msgs' with the following arguments: {'ament_cmake_args': None, 'build_base': '/workspace/build/orbbec_camera_msgs', 'catkin_cmake_args': None, 'catkin_skip_building_tests': False, 'cmake_args': None, 'cmake_clean_cache': False, 'cmake_clean_first': False, 'cmake_force_configure': False, 'cmake_target': None, 'cmake_target_skip_unavailable': False, 'install_base': '/workspace/install/orbbec_camera_msgs', 'merge_install': False, 'path': '/workspace/src/dependencies/OrbbecSDK_ROS2/orbbec_camera_msgs', 'symlink_install': False, 'test_result_base': None}
[0.214s] INFO:colcon.colcon_core.executor:Executing jobs using 'parallel' executor
[0.215s] DEBUG:colcon.colcon_parallel_executor.executor.parallel:run_until_complete
[0.216s] INFO:colcon.colcon_ros.task.ament_cmake.build:Building ROS package in '/workspace/src/dependencies/OrbbecSDK_ROS2/orbbec_camera_msgs' with build type 'ament_cmake'
[0.216s] INFO:colcon.colcon_cmake.task.cmake.build:Building CMake package in '/workspace/src/dependencies/OrbbecSDK_ROS2/orbbec_camera_msgs'
[0.217s] INFO:colcon.colcon_core.plugin_system:Skipping extension 'colcon_core.shell.bat': Not used on non-Windows systems
[0.217s] INFO:colcon.colcon_core.shell:Skip shell extension 'powershell' for command environment: Not usable outside of PowerShell
[0.218s] DEBUG:colcon.colcon_core.shell:Skip shell extension 'dsv' for command environment
[0.233s] DEBUG:colcon.colcon_core.event_handler.log_command:Invoking command in '/workspace/build/orbbec_camera_msgs': CMAKE_PREFIX_PATH=/workspace/install/octane:/opt/ros/humble /usr/bin/cmake /workspace/src/dependencies/OrbbecSDK_ROS2/orbbec_camera_msgs -DCMAKE_INSTALL_PREFIX=/workspace/install/orbbec_camera_msgs
[2.661s] DEBUG:colcon.colcon_core.event_handler.log_command:Invoked command in '/workspace/build/orbbec_camera_msgs' returned '0': CMAKE_PREFIX_PATH=/workspace/install/octane:/opt/ros/humble /usr/bin/cmake /workspace/src/dependencies/OrbbecSDK_ROS2/orbbec_camera_msgs -DCMAKE_INSTALL_PREFIX=/workspace/install/orbbec_camera_msgs
[2.663s] DEBUG:colcon.colcon_core.event_handler.log_command:Invoking command in '/workspace/build/orbbec_camera_msgs': CMAKE_PREFIX_PATH=/workspace/install/octane:/opt/ros/humble /usr/bin/cmake --build /workspace/build/orbbec_camera_msgs -- -j10 -l10
[12.323s] DEBUG:colcon.colcon_core.event_handler.log_command:Invoked command in '/workspace/build/orbbec_camera_msgs' returned '0': CMAKE_PREFIX_PATH=/workspace/install/octane:/opt/ros/humble /usr/bin/cmake --build /workspace/build/orbbec_camera_msgs -- -j10 -l10
[12.332s] DEBUG:colcon.colcon_core.event_handler.log_command:Invoking command in '/workspace/build/orbbec_camera_msgs': CMAKE_PREFIX_PATH=/workspace/install/octane:/opt/ros/humble /usr/bin/cmake --install /workspace/build/orbbec_camera_msgs
[13.511s] Level 1:colcon.colcon_core.environment:create_environment_scripts_only(orbbec_camera_msgs)
[13.515s] DEBUG:colcon.colcon_core.event_handler.log_command:Invoked command in '/workspace/build/orbbec_camera_msgs' returned '0': CMAKE_PREFIX_PATH=/workspace/install/octane:/opt/ros/humble /usr/bin/cmake --install /workspace/build/orbbec_camera_msgs
[13.517s] Level 1:colcon.colcon_core.environment:checking '/workspace/install/orbbec_camera_msgs' for CMake module files
[13.523s] Level 1:colcon.colcon_core.environment:checking '/workspace/install/orbbec_camera_msgs' for CMake config files
[13.531s] Level 1:colcon.colcon_core.shell:create_environment_hook('orbbec_camera_msgs', 'cmake_prefix_path')
[13.532s] INFO:colcon.colcon_core.shell:Creating environment hook '/workspace/install/orbbec_camera_msgs/share/orbbec_camera_msgs/hook/cmake_prefix_path.ps1'
[13.534s] INFO:colcon.colcon_core.shell:Creating environment descriptor '/workspace/install/orbbec_camera_msgs/share/orbbec_camera_msgs/hook/cmake_prefix_path.dsv'
[13.536s] INFO:colcon.colcon_core.shell:Creating environment hook '/workspace/install/orbbec_camera_msgs/share/orbbec_camera_msgs/hook/cmake_prefix_path.sh'
[13.539s] Level 1:colcon.colcon_core.environment:checking '/workspace/install/orbbec_camera_msgs/lib'
[13.540s] Level 1:colcon.colcon_core.shell:create_environment_hook('orbbec_camera_msgs', 'ld_library_path_lib')
[13.540s] INFO:colcon.colcon_core.shell:Creating environment hook '/workspace/install/orbbec_camera_msgs/share/orbbec_camera_msgs/hook/ld_library_path_lib.ps1'
[13.541s] INFO:colcon.colcon_core.shell:Creating environment descriptor '/workspace/install/orbbec_camera_msgs/share/orbbec_camera_msgs/hook/ld_library_path_lib.dsv'
[13.542s] INFO:colcon.colcon_core.shell:Creating environment hook '/workspace/install/orbbec_camera_msgs/share/orbbec_camera_msgs/hook/ld_library_path_lib.sh'
[13.544s] Level 1:colcon.colcon_core.environment:checking '/workspace/install/orbbec_camera_msgs/bin'
[13.544s] Level 1:colcon.colcon_core.environment:checking '/workspace/install/orbbec_camera_msgs/lib/pkgconfig/orbbec_camera_msgs.pc'
[13.546s] Level 1:colcon.colcon_core.environment:checking '/workspace/install/orbbec_camera_msgs/lib/python3.10/site-packages'
[13.547s] Level 1:colcon.colcon_core.environment:checking '/workspace/install/orbbec_camera_msgs/bin'
[13.548s] INFO:colcon.colcon_core.shell:Creating package script '/workspace/install/orbbec_camera_msgs/share/orbbec_camera_msgs/package.ps1'
[13.549s] INFO:colcon.colcon_core.shell:Creating package descriptor '/workspace/install/orbbec_camera_msgs/share/orbbec_camera_msgs/package.dsv'
[13.550s] INFO:colcon.colcon_core.shell:Creating package script '/workspace/install/orbbec_camera_msgs/share/orbbec_camera_msgs/package.sh'
[13.552s] INFO:colcon.colcon_core.shell:Creating package script '/workspace/install/orbbec_camera_msgs/share/orbbec_camera_msgs/package.bash'
[13.554s] INFO:colcon.colcon_core.shell:Creating package script '/workspace/install/orbbec_camera_msgs/share/orbbec_camera_msgs/package.zsh'
[13.555s] Level 1:colcon.colcon_core.environment:create_file_with_runtime_dependencies(/workspace/install/orbbec_camera_msgs/share/colcon-core/packages/orbbec_camera_msgs)
[13.559s] Level 1:colcon.colcon_core.environment:create_environment_scripts_only(orbbec_camera_msgs)
[13.559s] Level 1:colcon.colcon_core.environment:checking '/workspace/install/orbbec_camera_msgs' for CMake module files
[13.565s] Level 1:colcon.colcon_core.environment:checking '/workspace/install/orbbec_camera_msgs' for CMake config files
[13.572s] Level 1:colcon.colcon_core.shell:create_environment_hook('orbbec_camera_msgs', 'cmake_prefix_path')
[13.572s] INFO:colcon.colcon_core.shell:Creating environment hook '/workspace/install/orbbec_camera_msgs/share/orbbec_camera_msgs/hook/cmake_prefix_path.ps1'
[13.573s] INFO:colcon.colcon_core.shell:Creating environment descriptor '/workspace/install/orbbec_camera_msgs/share/orbbec_camera_msgs/hook/cmake_prefix_path.dsv'
[13.574s] INFO:colcon.colcon_core.shell:Creating environment hook '/workspace/install/orbbec_camera_msgs/share/orbbec_camera_msgs/hook/cmake_prefix_path.sh'
[13.575s] Level 1:colcon.colcon_core.environment:checking '/workspace/install/orbbec_camera_msgs/lib'
[13.575s] Level 1:colcon.colcon_core.shell:create_environment_hook('orbbec_camera_msgs', 'ld_library_path_lib')
[13.575s] INFO:colcon.colcon_core.shell:Creating environment hook '/workspace/install/orbbec_camera_msgs/share/orbbec_camera_msgs/hook/ld_library_path_lib.ps1'
[13.576s] INFO:colcon.colcon_core.shell:Creating environment descriptor '/workspace/install/orbbec_camera_msgs/share/orbbec_camera_msgs/hook/ld_library_path_lib.dsv'
[13.576s] INFO:colcon.colcon_core.shell:Creating environment hook '/workspace/install/orbbec_camera_msgs/share/orbbec_camera_msgs/hook/ld_library_path_lib.sh'
[13.577s] Level 1:colcon.colcon_core.environment:checking '/workspace/install/orbbec_camera_msgs/bin'
[13.577s] Level 1:colcon.colcon_core.environment:checking '/workspace/install/orbbec_camera_msgs/lib/pkgconfig/orbbec_camera_msgs.pc'
[13.577s] Level 1:colcon.colcon_core.environment:checking '/workspace/install/orbbec_camera_msgs/lib/python3.10/site-packages'
[13.578s] Level 1:colcon.colcon_core.environment:checking '/workspace/install/orbbec_camera_msgs/bin'
[13.578s] INFO:colcon.colcon_core.shell:Creating package script '/workspace/install/orbbec_camera_msgs/share/orbbec_camera_msgs/package.ps1'
[13.579s] INFO:colcon.colcon_core.shell:Creating package descriptor '/workspace/install/orbbec_camera_msgs/share/orbbec_camera_msgs/package.dsv'
[13.579s] INFO:colcon.colcon_core.shell:Creating package script '/workspace/install/orbbec_camera_msgs/share/orbbec_camera_msgs/package.sh'
[13.580s] INFO:colcon.colcon_core.shell:Creating package script '/workspace/install/orbbec_camera_msgs/share/orbbec_camera_msgs/package.bash'
[13.581s] INFO:colcon.colcon_core.shell:Creating package script '/workspace/install/orbbec_camera_msgs/share/orbbec_camera_msgs/package.zsh'
[13.582s] Level 1:colcon.colcon_core.environment:create_file_with_runtime_dependencies(/workspace/install/orbbec_camera_msgs/share/colcon-core/packages/orbbec_camera_msgs)
[13.583s] DEBUG:colcon.colcon_parallel_executor.executor.parallel:closing loop
[13.584s] DEBUG:colcon.colcon_parallel_executor.executor.parallel:loop closed
[13.584s] DEBUG:colcon.colcon_parallel_executor.executor.parallel:run_until_complete finished with '0'
[13.585s] DEBUG:colcon.colcon_core.event_reactor:joining thread
[13.592s] INFO:colcon.colcon_core.plugin_system:Skipping extension 'colcon_notification.desktop_notification.notify_send': Could not find 'notify-send'
[13.592s] INFO:colcon.colcon_core.plugin_system:Skipping extension 'colcon_notification.desktop_notification.terminal_notifier': Not used on non-Darwin systems
[13.592s] INFO:colcon.colcon_core.plugin_system:Skipping extension 'colcon_notification.desktop_notification.win32': Not used on non-Windows systems
[13.592s] INFO:colcon.colcon_notification.desktop_notification:Sending desktop notification using 'notify2'
[13.592s] DEBUG:colcon.colcon_notification.desktop_notification.notify2:Failed to initialize notify2: org.freedesktop.DBus.Error.NotSupported: Unable to autolaunch a dbus-daemon without a $DISPLAY for X11
[13.593s] DEBUG:colcon.colcon_core.event_reactor:joined thread
[13.593s] INFO:colcon.colcon_core.shell:Creating prefix script '/workspace/install/local_setup.ps1'
[13.594s] INFO:colcon.colcon_core.shell:Creating prefix util module '/workspace/install/_local_setup_util_ps1.py'
[13.595s] INFO:colcon.colcon_core.shell:Creating prefix chain script '/workspace/install/setup.ps1'
[13.597s] INFO:colcon.colcon_core.shell:Creating prefix script '/workspace/install/local_setup.sh'
[13.598s] INFO:colcon.colcon_core.shell:Creating prefix util module '/workspace/install/_local_setup_util_sh.py'
[13.599s] INFO:colcon.colcon_core.shell:Creating prefix chain script '/workspace/install/setup.sh'
[13.600s] INFO:colcon.colcon_core.shell:Creating prefix script '/workspace/install/local_setup.bash'
[13.600s] INFO:colcon.colcon_core.shell:Creating prefix chain script '/workspace/install/setup.bash'
[13.602s] INFO:colcon.colcon_core.shell:Creating prefix script '/workspace/install/local_setup.zsh'
[13.603s] INFO:colcon.colcon_core.shell:Creating prefix chain script '/workspace/install/setup.zsh'
