[0.021s] Invoking command in '/workspace/build/astra_camera': /usr/bin/cmake /workspace/src/dependencies/ros_astra_camera -DCATKIN_INSTALL_INTO_PREFIX_ROOT=0 -DCMAKE_INSTALL_PREFIX=/workspace/install/astra_camera
[0.056s] [31mCMake Error at CMakeLists.txt:16 (find_package):
[0.057s]   By not providing "Findcatkin.cmake" in CMAKE_MODULE_PATH this project has
[0.057s]   asked CMake to find a package configuration file provided by "catkin", but
[0.057s]   CMake did not find one.
[0.058s] 
[0.058s]   Could not find a package configuration file provided by "catkin" with any
[0.060s]   of the following names:
[0.061s] 
[0.061s]     catkinConfig.cmake
[0.062s]     catkin-config.cmake
[0.062s] 
[0.062s]   Add the installation prefix of "catkin" to CMAKE_PREFIX_PATH or set
[0.064s]   "catkin_DIR" to a directory containing one of the above files.  If "catkin"
[0.064s]   provides a separate development package or SDK, be sure it has been
[0.065s]   installed.
[0.065s] 
[0.065s] [0m
[0.065s] -- Configuring incomplete, errors occurred!
[0.065s] See also "/workspace/build/astra_camera/CMakeFiles/CMakeOutput.log".
[0.066s] Invoked command in '/workspace/build/astra_camera' returned '1': /usr/bin/cmake /workspace/src/dependencies/ros_astra_camera -DCATKIN_INSTALL_INTO_PREFIX_ROOT=0 -DCMAKE_INSTALL_PREFIX=/workspace/install/astra_camera
