[0.367s] Invoking command in '/workspace/src/octane': PYTHONPATH=/workspace/build/octane/prefix_override:/usr/lib/python3/dist-packages/colcon_core/task/python/colcon_distutils_commands:/workspace/install/octane/lib/python3.10/site-packages:${PYTHONPATH} /usr/bin/python3 -W ignore:setup.py install is deprecated -W ignore:easy_install command is deprecated setup.py egg_info --egg-base ../../build/octane build --build-base /workspace/build/octane/build install --record /workspace/build/octane/install.log --single-version-externally-managed install_data
[0.491s] running egg_info
[0.492s] creating ../../build/octane/octane.egg-info
[0.492s] writing ../../build/octane/octane.egg-info/PKG-INFO
[0.493s] writing dependency_links to ../../build/octane/octane.egg-info/dependency_links.txt
[0.494s] writing entry points to ../../build/octane/octane.egg-info/entry_points.txt
[0.495s] writing requirements to ../../build/octane/octane.egg-info/requires.txt
[0.495s] writing top-level names to ../../build/octane/octane.egg-info/top_level.txt
[0.496s] writing manifest file '../../build/octane/octane.egg-info/SOURCES.txt'
[0.498s] reading manifest file '../../build/octane/octane.egg-info/SOURCES.txt'
[0.499s] writing manifest file '../../build/octane/octane.egg-info/SOURCES.txt'
[0.499s] running build
[0.500s] running build_py
[0.500s] creating /workspace/build/octane/build
[0.501s] creating /workspace/build/octane/build/lib
[0.501s] creating /workspace/build/octane/build/lib/octane
[0.501s] copying octane/__init__.py -> /workspace/build/octane/build/lib/octane
[0.503s] running install
[0.503s] running install_lib
[0.504s] creating /workspace/install/octane/lib/python3.10/site-packages/octane
[0.504s] copying /workspace/build/octane/build/lib/octane/__init__.py -> /workspace/install/octane/lib/python3.10/site-packages/octane
[0.506s] byte-compiling /workspace/install/octane/lib/python3.10/site-packages/octane/__init__.py to __init__.cpython-310.pyc
[0.507s] running install_data
[0.507s] creating /workspace/install/octane/share/ament_index
[0.508s] creating /workspace/install/octane/share/ament_index/resource_index
[0.508s] creating /workspace/install/octane/share/ament_index/resource_index/packages
[0.509s] copying resource/octane -> /workspace/install/octane/share/ament_index/resource_index/packages
[0.509s] copying package.xml -> /workspace/install/octane/share/octane
[0.510s] running install_egg_info
[0.512s] Copying ../../build/octane/octane.egg-info to /workspace/install/octane/lib/python3.10/site-packages/octane-0.0.0-py3.10.egg-info
[0.520s] running install_scripts
[0.536s] writing list of installed files to '/workspace/build/octane/install.log'
[0.558s] Invoked command in '/workspace/src/octane' returned '0': PYTHONPATH=/workspace/build/octane/prefix_override:/usr/lib/python3/dist-packages/colcon_core/task/python/colcon_distutils_commands:/workspace/install/octane/lib/python3.10/site-packages:${PYTHONPATH} /usr/bin/python3 -W ignore:setup.py install is deprecated -W ignore:easy_install command is deprecated setup.py egg_info --egg-base ../../build/octane build --build-base /workspace/build/octane/build install --record /workspace/build/octane/install.log --single-version-externally-managed install_data
